mode: set
/home/elliot/code/go/docx/TagGen.go:11.40,14.38 3 0
/home/elliot/code/go/docx/TagGen.go:17.2,21.20 5 0
/home/elliot/code/go/docx/TagGen.go:14.38,16.3 1 0
/home/elliot/code/go/docx/TagGen.go:23.53,30.2 6 1
/home/elliot/code/go/docx/TagGen.go:31.55,34.2 1 0
/home/elliot/code/go/docx/TagGen.go:35.80,36.28 1 0
/home/elliot/code/go/docx/TagGen.go:41.2,41.54 1 0
/home/elliot/code/go/docx/TagGen.go:36.28,37.35 1 0
/home/elliot/code/go/docx/TagGen.go:37.35,39.4 1 0
/home/elliot/code/go/docx/TagGen.go:44.73,47.2 1 0
/home/elliot/code/go/docx/TagGen.go:48.79,51.2 1 0
/home/elliot/code/go/docx/TagGen.go:52.90,54.12 2 0
/home/elliot/code/go/docx/TagGen.go:60.2,60.17 1 0
/home/elliot/code/go/docx/TagGen.go:65.2,66.25 2 0
/home/elliot/code/go/docx/TagGen.go:77.2,77.16 1 0
/home/elliot/code/go/docx/TagGen.go:54.12,59.3 3 0
/home/elliot/code/go/docx/TagGen.go:60.17,64.3 2 0
/home/elliot/code/go/docx/TagGen.go:66.25,70.21 2 0
/home/elliot/code/go/docx/TagGen.go:70.21,73.4 1 0
/home/elliot/code/go/docx/TagGen.go:79.91,81.12 2 0
/home/elliot/code/go/docx/TagGen.go:86.2,86.17 1 0
/home/elliot/code/go/docx/TagGen.go:90.2,91.25 2 0
/home/elliot/code/go/docx/TagGen.go:97.2,97.16 1 0
/home/elliot/code/go/docx/TagGen.go:81.12,85.3 3 0
/home/elliot/code/go/docx/TagGen.go:86.17,89.3 2 0
/home/elliot/code/go/docx/TagGen.go:91.25,92.19 1 0
/home/elliot/code/go/docx/TagGen.go:95.3,95.37 1 0
/home/elliot/code/go/docx/TagGen.go:92.19,94.4 1 0
/home/elliot/code/go/docx/TagGen.go:99.48,102.30 3 0
/home/elliot/code/go/docx/TagGen.go:112.2,112.18 1 0
/home/elliot/code/go/docx/TagGen.go:102.30,105.21 3 0
/home/elliot/code/go/docx/TagGen.go:105.21,106.26 1 0
/home/elliot/code/go/docx/TagGen.go:106.26,108.5 1 0
/home/elliot/code/go/docx/TagGen.go:114.47,116.28 2 0
/home/elliot/code/go/docx/TagGen.go:119.2,119.13 1 0
/home/elliot/code/go/docx/TagGen.go:116.28,118.3 1 0
/home/elliot/code/go/docx/TagGen.go:121.79,123.16 2 0
/home/elliot/code/go/docx/TagGen.go:126.2,127.16 2 0
/home/elliot/code/go/docx/TagGen.go:130.2,158.12 4 0
/home/elliot/code/go/docx/TagGen.go:123.16,125.3 1 0
/home/elliot/code/go/docx/TagGen.go:127.16,129.3 1 0
/home/elliot/code/go/docx/docx.go:26.42,28.2 1 1
/home/elliot/code/go/docx/docx.go:31.36,34.2 2 0
/home/elliot/code/go/docx/docx.go:41.38,43.2 1 1
/home/elliot/code/go/docx/docx.go:45.32,47.2 1 0
/home/elliot/code/go/docx/docx.go:57.40,65.2 1 1
/home/elliot/code/go/docx/docx.go:67.37,69.2 1 0
/home/elliot/code/go/docx/docx.go:79.36,81.2 1 0
/home/elliot/code/go/docx/docx.go:83.43,85.2 1 0
/home/elliot/code/go/docx/docx.go:87.72,89.2 1 0
/home/elliot/code/go/docx/docx.go:91.81,93.16 2 1
/home/elliot/code/go/docx/docx.go:96.2,97.16 2 1
/home/elliot/code/go/docx/docx.go:100.2,102.12 2 1
/home/elliot/code/go/docx/docx.go:93.16,95.3 1 0
/home/elliot/code/go/docx/docx.go:97.16,99.3 1 0
/home/elliot/code/go/docx/docx.go:105.85,107.16 2 1
/home/elliot/code/go/docx/docx.go:110.2,111.16 2 1
/home/elliot/code/go/docx/docx.go:114.2,116.12 2 1
/home/elliot/code/go/docx/docx.go:107.16,109.3 1 0
/home/elliot/code/go/docx/docx.go:111.16,113.3 1 0
/home/elliot/code/go/docx/docx.go:119.78,121.2 1 1
/home/elliot/code/go/docx/docx.go:123.78,125.2 1 1
/home/elliot/code/go/docx/docx.go:127.53,130.16 3 1
/home/elliot/code/go/docx/docx.go:133.2,135.8 3 1
/home/elliot/code/go/docx/docx.go:130.16,132.3 1 0
/home/elliot/code/go/docx/docx.go:138.54,140.31 2 1
/home/elliot/code/go/docx/docx.go:164.2,165.8 2 1
/home/elliot/code/go/docx/docx.go:140.31,145.17 4 1
/home/elliot/code/go/docx/docx.go:148.3,149.17 2 1
/home/elliot/code/go/docx/docx.go:152.3,152.39 1 1
/home/elliot/code/go/docx/docx.go:145.17,147.4 1 0
/home/elliot/code/go/docx/docx.go:149.17,151.4 1 0
/home/elliot/code/go/docx/docx.go:152.39,154.4 1 1
/home/elliot/code/go/docx/docx.go:154.9,154.57 1 1
/home/elliot/code/go/docx/docx.go:154.57,156.4 1 1
/home/elliot/code/go/docx/docx.go:156.9,156.81 1 1
/home/elliot/code/go/docx/docx.go:156.81,158.4 1 1
/home/elliot/code/go/docx/docx.go:158.9,158.81 1 1
/home/elliot/code/go/docx/docx.go:158.81,160.4 1 1
/home/elliot/code/go/docx/docx.go:160.9,162.4 1 1
/home/elliot/code/go/docx/docx.go:168.106,170.16 2 1
/home/elliot/code/go/docx/docx.go:173.2,174.16 2 1
/home/elliot/code/go/docx/docx.go:178.2,178.30 1 1
/home/elliot/code/go/docx/docx.go:182.2,182.12 1 1
/home/elliot/code/go/docx/docx.go:170.16,172.3 1 0
/home/elliot/code/go/docx/docx.go:174.16,176.3 1 0
/home/elliot/code/go/docx/docx.go:178.30,180.3 1 1
/home/elliot/code/go/docx/docx.go:185.77,187.16 2 1
/home/elliot/code/go/docx/docx.go:190.2,191.26 2 1
/home/elliot/code/go/docx/docx.go:187.16,189.3 1 0
/home/elliot/code/go/docx/docx.go:194.54,196.16 2 1
/home/elliot/code/go/docx/docx.go:199.2,200.26 2 1
/home/elliot/code/go/docx/docx.go:196.16,198.3 1 0
/home/elliot/code/go/docx/docx.go:203.53,205.16 2 1
/home/elliot/code/go/docx/docx.go:209.2,210.16 2 1
/home/elliot/code/go/docx/docx.go:214.2,215.113 2 1
/home/elliot/code/go/docx/docx.go:205.16,207.3 1 0
/home/elliot/code/go/docx/docx.go:210.16,212.3 1 0
/home/elliot/code/go/docx/docx.go:218.114,222.16 2 1
/home/elliot/code/go/docx/docx.go:226.2,227.16 2 1
/home/elliot/code/go/docx/docx.go:231.2,232.16 2 1
/home/elliot/code/go/docx/docx.go:236.2,236.36 1 1
/home/elliot/code/go/docx/docx.go:222.16,224.3 1 0
/home/elliot/code/go/docx/docx.go:227.16,229.3 1 0
/home/elliot/code/go/docx/docx.go:232.16,234.3 1 0
/home/elliot/code/go/docx/docx.go:239.77,242.39 2 1
/home/elliot/code/go/docx/docx.go:256.2,256.30 1 1
/home/elliot/code/go/docx/docx.go:242.39,244.17 2 1
/home/elliot/code/go/docx/docx.go:248.3,249.17 2 1
/home/elliot/code/go/docx/docx.go:253.3,253.40 1 1
/home/elliot/code/go/docx/docx.go:244.17,246.4 1 0
/home/elliot/code/go/docx/docx.go:249.17,251.4 1 0
/home/elliot/code/go/docx/docx.go:259.59,262.16 3 1
/home/elliot/code/go/docx/docx.go:265.2,267.16 3 1
/home/elliot/code/go/docx/docx.go:271.2,272.8 2 1
/home/elliot/code/go/docx/docx.go:262.16,264.3 1 0
/home/elliot/code/go/docx/docx.go:267.16,269.3 1 0
/home/elliot/code/go/docx/docx.go:275.60,278.16 3 1
/home/elliot/code/go/docx/docx.go:281.2,283.16 3 1
/home/elliot/code/go/docx/docx.go:287.2,288.8 2 1
/home/elliot/code/go/docx/docx.go:278.16,280.3 1 0
/home/elliot/code/go/docx/docx.go:283.16,285.3 1 0
/home/elliot/code/go/docx/docx.go:291.56,293.16 2 1
/home/elliot/code/go/docx/docx.go:296.2,296.23 1 1
/home/elliot/code/go/docx/docx.go:293.16,295.3 1 0
/home/elliot/code/go/docx/docx.go:299.69,300.26 1 1
/home/elliot/code/go/docx/docx.go:305.2,305.17 1 1
/home/elliot/code/go/docx/docx.go:308.2,308.8 1 1
/home/elliot/code/go/docx/docx.go:300.26,301.36 1 1
/home/elliot/code/go/docx/docx.go:301.36,303.4 1 1
/home/elliot/code/go/docx/docx.go:305.17,307.3 1 0
/home/elliot/code/go/docx/docx.go:311.69,312.26 1 1
/home/elliot/code/go/docx/docx.go:317.2,317.17 1 1
/home/elliot/code/go/docx/docx.go:320.2,320.8 1 1
/home/elliot/code/go/docx/docx.go:312.26,313.47 1 1
/home/elliot/code/go/docx/docx.go:313.47,315.4 1 1
/home/elliot/code/go/docx/docx.go:317.17,319.3 1 0
/home/elliot/code/go/docx/docx.go:323.103,324.26 1 1
/home/elliot/code/go/docx/docx.go:333.2,333.44 1 1
/home/elliot/code/go/docx/docx.go:336.2,336.8 1 1
/home/elliot/code/go/docx/docx.go:324.26,326.41 1 1
/home/elliot/code/go/docx/docx.go:329.3,329.41 1 1
/home/elliot/code/go/docx/docx.go:326.41,328.4 1 1
/home/elliot/code/go/docx/docx.go:329.41,331.4 1 1
/home/elliot/code/go/docx/docx.go:333.44,335.3 1 0
/home/elliot/code/go/docx/docx.go:339.44,343.2 3 1
/home/elliot/code/go/docx/docx.go:345.39,348.38 3 1
/home/elliot/code/go/docx/docx.go:351.2,354.20 4 1
/home/elliot/code/go/docx/docx.go:348.38,350.3 1 0
/home/elliot/code/go/docx/Block.go:8.74,24.19 3 0
/home/elliot/code/go/docx/Block.go:45.2,45.14 1 0
/home/elliot/code/go/docx/Block.go:24.19,25.24 1 0
/home/elliot/code/go/docx/Block.go:28.3,28.25 1 0
/home/elliot/code/go/docx/Block.go:31.3,31.15 1 0
/home/elliot/code/go/docx/Block.go:34.3,34.17 1 0
/home/elliot/code/go/docx/Block.go:37.3,37.17 1 0
/home/elliot/code/go/docx/Block.go:40.3,40.22 1 0
/home/elliot/code/go/docx/Block.go:25.24,27.4 1 0
/home/elliot/code/go/docx/Block.go:28.25,30.4 1 0
/home/elliot/code/go/docx/Block.go:31.15,33.4 1 0
/home/elliot/code/go/docx/Block.go:34.17,36.4 1 0
/home/elliot/code/go/docx/Block.go:37.17,39.4 1 0
/home/elliot/code/go/docx/Block.go:40.22,42.4 1 0
/home/elliot/code/go/docx/Block.go:51.50,57.21 6 0
/home/elliot/code/go/docx/Block.go:60.2,60.23 1 0
/home/elliot/code/go/docx/Block.go:63.2,63.23 1 0
/home/elliot/code/go/docx/Block.go:66.2,66.95 1 0
/home/elliot/code/go/docx/Block.go:57.21,59.3 1 0
/home/elliot/code/go/docx/Block.go:60.23,62.3 1 0
/home/elliot/code/go/docx/Block.go:63.23,65.3 1 0
/home/elliot/code/go/docx/Block.go:77.57,80.2 2 0
/home/elliot/code/go/docx/Block.go:81.43,84.2 2 0
/home/elliot/code/go/docx/Block.go:85.51,97.2 6 0
/home/elliot/code/go/docx/Block.go:98.75,102.2 3 0
/home/elliot/code/go/docx/Block.go:103.48,105.2 1 0
/home/elliot/code/go/docx/Block.go:106.76,108.16 2 0
/home/elliot/code/go/docx/Block.go:111.2,111.13 1 0
/home/elliot/code/go/docx/Block.go:108.16,110.3 1 0
/home/elliot/code/go/docx/Block.go:113.59,116.2 1 0
/home/elliot/code/go/docx/Block.go:118.89,120.2 1 0
/home/elliot/code/go/docx/NewApi.go:13.45,15.16 2 1
/home/elliot/code/go/docx/NewApi.go:19.2,21.29 3 1
/home/elliot/code/go/docx/NewApi.go:37.2,37.15 1 1
/home/elliot/code/go/docx/NewApi.go:15.16,18.3 2 0
/home/elliot/code/go/docx/NewApi.go:21.29,24.25 2 1
/home/elliot/code/go/docx/NewApi.go:30.3,35.5 1 1
/home/elliot/code/go/docx/NewApi.go:25.31,26.17 1 1
/home/elliot/code/go/docx/NewApi.go:27.28,28.17 1 1
/home/elliot/code/go/docx/NewApi.go:39.43,43.16 3 1
/home/elliot/code/go/docx/NewApi.go:47.2,48.29 2 1
/home/elliot/code/go/docx/NewApi.go:69.2,69.17 1 1
/home/elliot/code/go/docx/NewApi.go:43.16,46.3 2 0
/home/elliot/code/go/docx/NewApi.go:48.29,50.20 1 1
/home/elliot/code/go/docx/NewApi.go:51.14,53.18 2 1
/home/elliot/code/go/docx/NewApi.go:57.4,60.6 1 1
/home/elliot/code/go/docx/NewApi.go:61.19,65.5 1 1
/home/elliot/code/go/docx/NewApi.go:53.18,56.5 2 0
/home/elliot/code/go/docx/NewApi.go:71.33,89.2 2 1
/home/elliot/code/go/docx/NewApi.go:90.42,107.2 1 1
/home/elliot/code/go/docx/NewApi.go:108.59,109.28 1 1
/home/elliot/code/go/docx/NewApi.go:122.2,122.50 1 1
/home/elliot/code/go/docx/NewApi.go:109.28,110.35 1 1
/home/elliot/code/go/docx/NewApi.go:110.35,114.26 1 1
/home/elliot/code/go/docx/NewApi.go:114.26,115.40 1 1
/home/elliot/code/go/docx/NewApi.go:115.40,117.6 1 1
/home/elliot/code/go/docx/NewApi.go:124.43,126.2 0 0
/home/elliot/code/go/docx/NewApi.go:127.51,129.2 1 1
/home/elliot/code/go/docx/NewApi.go:130.73,132.16 2 1
/home/elliot/code/go/docx/NewApi.go:136.2,136.38 1 1
/home/elliot/code/go/docx/NewApi.go:167.2,167.36 1 0
/home/elliot/code/go/docx/NewApi.go:132.16,135.3 1 0
/home/elliot/code/go/docx/NewApi.go:136.38,140.25 1 1
/home/elliot/code/go/docx/NewApi.go:140.25,141.44 1 1
/home/elliot/code/go/docx/NewApi.go:141.44,145.31 4 1
/home/elliot/code/go/docx/NewApi.go:153.5,153.32 1 1
/home/elliot/code/go/docx/NewApi.go:157.5,163.15 5 1
/home/elliot/code/go/docx/NewApi.go:145.31,146.20 1 1
/home/elliot/code/go/docx/NewApi.go:146.20,151.7 3 1
/home/elliot/code/go/docx/NewApi.go:153.32,156.6 2 0
/home/elliot/code/go/docx/NewApi.go:170.69,172.39 2 1
/home/elliot/code/go/docx/NewApi.go:176.2,177.16 2 1
/home/elliot/code/go/docx/NewApi.go:181.2,181.38 1 1
/home/elliot/code/go/docx/NewApi.go:192.2,192.36 1 0
/home/elliot/code/go/docx/NewApi.go:172.39,174.3 1 0
/home/elliot/code/go/docx/NewApi.go:177.16,180.3 1 0
/home/elliot/code/go/docx/NewApi.go:181.38,185.25 1 1
/home/elliot/code/go/docx/NewApi.go:185.25,186.44 1 1
/home/elliot/code/go/docx/NewApi.go:186.44,189.5 2 1
/home/elliot/code/go/docx/NewApi.go:194.44,196.2 1 0
/home/elliot/code/go/docx/NewApi.go:198.57,208.2 6 1
/home/elliot/code/go/docx/NewApi.go:209.42,212.28 2 1
/home/elliot/code/go/docx/NewApi.go:216.2,217.13 2 1
/home/elliot/code/go/docx/NewApi.go:212.28,215.3 1 1
/home/elliot/code/go/docx/NewApi.go:219.38,222.31 2 1
/home/elliot/code/go/docx/NewApi.go:238.2,238.34 1 1
/home/elliot/code/go/docx/NewApi.go:222.31,225.52 2 1
/home/elliot/code/go/docx/NewApi.go:230.3,230.24 1 1
/home/elliot/code/go/docx/NewApi.go:233.3,233.24 1 1
/home/elliot/code/go/docx/NewApi.go:225.52,227.4 1 1
/home/elliot/code/go/docx/NewApi.go:227.9,229.4 1 1
/home/elliot/code/go/docx/NewApi.go:230.24,232.4 1 1
/home/elliot/code/go/docx/NewApi.go:233.24,235.4 1 1
/home/elliot/code/go/docx/NewApi.go:240.33,242.25 2 1
/home/elliot/code/go/docx/NewApi.go:258.2,258.18 1 1
/home/elliot/code/go/docx/NewApi.go:242.25,245.13 2 1
/home/elliot/code/go/docx/NewApi.go:246.12,247.23 1 1
/home/elliot/code/go/docx/NewApi.go:248.12,249.23 1 1
/home/elliot/code/go/docx/NewApi.go:250.12,251.24 1 1
/home/elliot/code/go/docx/NewApi.go:252.12,253.25 1 0
/home/elliot/code/go/docx/NewApi.go:254.11,255.19 1 1
/home/elliot/code/go/docx/Style.go:11.34,58.2 1 1
/home/elliot/code/go/docx/Style.go:59.83,107.28 1 1
/home/elliot/code/go/docx/Style.go:111.2,112.30 2 1
/home/elliot/code/go/docx/Style.go:132.2,132.16 1 1
/home/elliot/code/go/docx/Style.go:107.28,110.3 1 0
/home/elliot/code/go/docx/Style.go:112.30,114.35 1 1
/home/elliot/code/go/docx/Style.go:114.35,116.32 2 0
/home/elliot/code/go/docx/Style.go:116.32,120.5 3 0
/home/elliot/code/go/docx/Style.go:121.9,130.4 3 1
/home/elliot/code/go/docx/Style.go:134.52,137.57 3 1
/home/elliot/code/go/docx/Style.go:142.2,142.26 1 1
/home/elliot/code/go/docx/Style.go:145.2,145.26 1 1
/home/elliot/code/go/docx/Style.go:148.2,148.13 1 1
/home/elliot/code/go/docx/Style.go:137.57,139.3 1 0
/home/elliot/code/go/docx/Style.go:139.8,141.3 1 1
/home/elliot/code/go/docx/Style.go:142.26,144.3 1 1
/home/elliot/code/go/docx/Style.go:145.26,147.3 1 1
/home/elliot/code/go/docx/Style.go:150.49,152.16 2 1
/home/elliot/code/go/docx/Style.go:155.2,156.27 2 1
/home/elliot/code/go/docx/Style.go:171.2,171.18 1 1
/home/elliot/code/go/docx/Style.go:152.16,154.3 1 0
/home/elliot/code/go/docx/Style.go:156.27,158.24 1 1
/home/elliot/code/go/docx/Style.go:158.24,160.18 2 1
/home/elliot/code/go/docx/Style.go:163.4,163.30 1 1
/home/elliot/code/go/docx/Style.go:160.18,162.5 1 0
/home/elliot/code/go/docx/Style.go:163.30,164.27 1 1
/home/elliot/code/go/docx/Style.go:164.27,167.6 1 1
