mode: set
/home/elliot/code/go/docx/algo/FindMatch.go:3.72,5.26 1 1
/home/elliot/code/go/docx/algo/FindMatch.go:10.2,10.17 1 1
/home/elliot/code/go/docx/algo/FindMatch.go:5.26,6.22 1 1
/home/elliot/code/go/docx/algo/FindMatch.go:6.22,8.4 1 1
/home/elliot/code/go/docx/algo/KMP.go:5.41,12.25 4 1
/home/elliot/code/go/docx/algo/KMP.go:27.2,27.12 1 1
/home/elliot/code/go/docx/algo/KMP.go:12.25,13.7 1 1
/home/elliot/code/go/docx/algo/KMP.go:25.3,25.13 1 1
/home/elliot/code/go/docx/algo/KMP.go:13.7,14.24 1 1
/home/elliot/code/go/docx/algo/KMP.go:19.4,19.14 1 1
/home/elliot/code/go/docx/algo/KMP.go:23.4,23.16 1 0
/home/elliot/code/go/docx/algo/KMP.go:14.24,16.10 2 0
/home/elliot/code/go/docx/algo/KMP.go:19.14,20.10 1 1
/home/elliot/code/go/docx/algo/KMP.go:30.33,36.31 3 1
/home/elliot/code/go/docx/algo/KMP.go:36.31,37.7 1 1
/home/elliot/code/go/docx/algo/KMP.go:37.7,38.24 1 1
/home/elliot/code/go/docx/algo/KMP.go:48.4,48.13 1 1
/home/elliot/code/go/docx/algo/KMP.go:38.24,41.15 2 1
/home/elliot/code/go/docx/algo/KMP.go:45.5,45.10 1 1
/home/elliot/code/go/docx/algo/KMP.go:41.15,44.6 2 1
/home/elliot/code/go/docx/algo/KMP.go:48.13,50.5 1 0
/home/elliot/code/go/docx/algo/KMP.go:50.10,51.10 1 1
