mode: set
/home/elliot/code/go/docx/algo/FindMatch.go:4.76,7.27 2 1
/home/elliot/code/go/docx/algo/FindMatch.go:10.2,11.16 2 1
/home/elliot/code/go/docx/algo/FindMatch.go:15.2,17.27 3 1
/home/elliot/code/go/docx/algo/FindMatch.go:24.2,28.37 4 1
/home/elliot/code/go/docx/algo/FindMatch.go:38.2,38.47 1 1
/home/elliot/code/go/docx/algo/FindMatch.go:7.27,9.3 1 1
/home/elliot/code/go/docx/algo/FindMatch.go:11.16,13.3 1 1
/home/elliot/code/go/docx/algo/FindMatch.go:17.27,20.25 3 1
/home/elliot/code/go/docx/algo/FindMatch.go:20.25,21.9 1 1
/home/elliot/code/go/docx/algo/FindMatch.go:28.37,29.38 1 1
/home/elliot/code/go/docx/algo/FindMatch.go:29.38,33.40 3 1
/home/elliot/code/go/docx/algo/FindMatch.go:33.40,34.10 1 1
/home/elliot/code/go/docx/algo/KMP.go:5.41,12.25 4 1
/home/elliot/code/go/docx/algo/KMP.go:27.2,27.12 1 1
/home/elliot/code/go/docx/algo/KMP.go:12.25,13.7 1 1
/home/elliot/code/go/docx/algo/KMP.go:25.3,25.13 1 1
/home/elliot/code/go/docx/algo/KMP.go:13.7,14.24 1 1
/home/elliot/code/go/docx/algo/KMP.go:19.4,19.14 1 1
/home/elliot/code/go/docx/algo/KMP.go:23.4,23.16 1 1
/home/elliot/code/go/docx/algo/KMP.go:14.24,16.10 2 1
/home/elliot/code/go/docx/algo/KMP.go:19.14,20.10 1 1
/home/elliot/code/go/docx/algo/KMP.go:30.46,36.31 3 1
/home/elliot/code/go/docx/algo/KMP.go:56.2,56.43 1 1
/home/elliot/code/go/docx/algo/KMP.go:36.31,37.7 1 1
/home/elliot/code/go/docx/algo/KMP.go:37.7,38.24 1 1
/home/elliot/code/go/docx/algo/KMP.go:49.4,49.13 1 1
/home/elliot/code/go/docx/algo/KMP.go:38.24,41.15 2 1
/home/elliot/code/go/docx/algo/KMP.go:46.5,46.10 1 1
/home/elliot/code/go/docx/algo/KMP.go:41.15,45.6 1 1
/home/elliot/code/go/docx/algo/KMP.go:49.13,51.5 1 1
/home/elliot/code/go/docx/algo/KMP.go:51.10,52.10 1 1
